<?xml version="1.0" encoding="UTF-8"?>
<coverage generated="1660836500">
  <project timestamp="1660836500">
    <file name="/home/runner/work/faker/faker/src/ApieObjectFaker.php">
      <class name="Apie\Faker\ApieObjectFaker" namespace="global">
        <metrics complexity="16" methods="5" coveredmethods="2" conditionals="0" coveredconditionals="0" statements="39" coveredstatements="30" elements="44" coveredelements="32"/>
      </class>
      <line num="35" type="method" name="__construct" visibility="public" complexity="1" crap="1" count="10"/>
      <line num="37" type="stmt" count="10"/>
      <line num="38" type="stmt" count="10"/>
      <line num="44" type="method" name="createWithDefaultFakers" visibility="public" complexity="1" crap="1" count="10"/>
      <line num="46" type="stmt" count="10"/>
      <line num="48" type="stmt" count="10"/>
      <line num="49" type="stmt" count="10"/>
      <line num="50" type="stmt" count="10"/>
      <line num="51" type="stmt" count="10"/>
      <line num="52" type="stmt" count="10"/>
      <line num="53" type="stmt" count="10"/>
      <line num="54" type="stmt" count="10"/>
      <line num="64" type="method" name="fakeClass" visibility="public" complexity="3" crap="3.07" count="10"/>
      <line num="66" type="stmt" count="10"/>
      <line num="67" type="stmt" count="10"/>
      <line num="68" type="stmt" count="10"/>
      <line num="69" type="stmt" count="10"/>
      <line num="73" type="stmt" count="0"/>
      <line num="79" type="method" name="fakeArgumentsOfMethod" visibility="public" complexity="6" crap="6.73" count="3"/>
      <line num="81" type="stmt" count="3"/>
      <line num="82" type="stmt" count="3"/>
      <line num="83" type="stmt" count="3"/>
      <line num="84" type="stmt" count="3"/>
      <line num="85" type="stmt" count="0"/>
      <line num="86" type="stmt" count="0"/>
      <line num="87" type="stmt" count="0"/>
      <line num="89" type="stmt" count="3"/>
      <line num="90" type="stmt" count="2"/>
      <line num="92" type="stmt" count="3"/>
      <line num="96" type="stmt" count="3"/>
      <line num="99" type="method" name="fakeFromType" visibility="public" complexity="5" crap="6.42" count="3"/>
      <line num="101" type="stmt" count="3"/>
      <line num="102" type="stmt" count="0"/>
      <line num="104" type="stmt" count="3"/>
      <line num="105" type="stmt" count="0"/>
      <line num="107" type="stmt" count="3"/>
      <line num="108" type="stmt" count="3"/>
      <line num="109" type="stmt" count="3"/>
      <line num="110" type="stmt" count="2"/>
      <line num="112" type="stmt" count="3"/>
      <line num="113" type="stmt" count="0"/>
      <line num="114" type="stmt" count="0"/>
      <line num="115" type="stmt" count="0"/>
      <line num="116" type="stmt" count="3"/>
      <metrics loc="120" ncloc="100" classes="1" methods="5" coveredmethods="2" conditionals="0" coveredconditionals="0" statements="39" coveredstatements="30" elements="44" coveredelements="32"/>
    </file>
    <file name="/home/runner/work/faker/faker/src/Exceptions/ClassCanNotBeFakedException.php">
      <class name="Apie\Faker\Exceptions\ClassCanNotBeFakedException" namespace="global">
        <metrics complexity="1" methods="1" coveredmethods="0" conditionals="0" coveredconditionals="0" statements="1" coveredstatements="0" elements="2" coveredelements="0"/>
      </class>
      <line num="12" type="method" name="__construct" visibility="public" complexity="1" crap="2" count="0"/>
      <line num="14" type="stmt" count="0"/>
      <metrics loc="17" ncloc="14" classes="1" methods="1" coveredmethods="0" conditionals="0" coveredconditionals="0" statements="1" coveredstatements="0" elements="2" coveredelements="0"/>
    </file>
    <file name="/home/runner/work/faker/faker/src/Fakers/DateValueObjectFaker.php">
      <class name="Apie\Faker\Fakers\DateValueObjectFaker" namespace="global">
        <metrics complexity="2" methods="2" coveredmethods="2" conditionals="0" coveredconditionals="0" statements="4" coveredstatements="4" elements="6" coveredelements="6"/>
      </class>
      <line num="13" type="method" name="supports" visibility="public" complexity="1" crap="1" count="9"/>
      <line num="15" type="stmt" count="9"/>
      <line num="18" type="method" name="fakeFor" visibility="public" complexity="1" crap="1" count="5"/>
      <line num="20" type="stmt" count="5"/>
      <line num="21" type="stmt" count="5"/>
      <line num="22" type="stmt" count="5"/>
      <metrics loc="25" ncloc="24" classes="1" methods="2" coveredmethods="2" conditionals="0" coveredconditionals="0" statements="4" coveredstatements="4" elements="6" coveredelements="6"/>
    </file>
    <file name="/home/runner/work/faker/faker/src/Fakers/EnumFaker.php">
      <class name="Apie\Faker\Fakers\EnumFaker" namespace="global">
        <metrics complexity="2" methods="2" coveredmethods="2" conditionals="0" coveredconditionals="0" statements="3" coveredstatements="3" elements="5" coveredelements="5"/>
      </class>
      <line num="12" type="method" name="supports" visibility="public" complexity="1" crap="1" count="4"/>
      <line num="14" type="stmt" count="4"/>
      <line num="17" type="method" name="fakeFor" visibility="public" complexity="1" crap="1" count="1"/>
      <line num="19" type="stmt" count="1"/>
      <line num="20" type="stmt" count="1"/>
      <metrics loc="23" ncloc="22" classes="1" methods="2" coveredmethods="2" conditionals="0" coveredconditionals="0" statements="3" coveredstatements="3" elements="5" coveredelements="5"/>
    </file>
    <file name="/home/runner/work/faker/faker/src/Fakers/PasswordValueObjectFaker.php">
      <class name="Apie\Faker\Fakers\PasswordValueObjectFaker" namespace="global">
        <metrics complexity="8" methods="2" coveredmethods="1" conditionals="0" coveredconditionals="0" statements="22" coveredstatements="21" elements="24" coveredelements="22"/>
      </class>
      <line num="13" type="method" name="supports" visibility="public" complexity="2" crap="2" count="10"/>
      <line num="15" type="stmt" count="10"/>
      <line num="18" type="method" name="fakeFor" visibility="public" complexity="6" crap="6" count="3"/>
      <line num="20" type="stmt" count="3"/>
      <line num="21" type="stmt" count="3"/>
      <line num="22" type="stmt" count="3"/>
      <line num="23" type="stmt" count="3"/>
      <line num="24" type="stmt" count="3"/>
      <line num="25" type="stmt" count="3"/>
      <line num="26" type="stmt" count="3"/>
      <line num="27" type="stmt" count="3"/>
      <line num="28" type="stmt" count="3"/>
      <line num="29" type="stmt" count="3"/>
      <line num="30" type="stmt" count="3"/>
      <line num="32" type="stmt" count="3"/>
      <line num="33" type="stmt" count="3"/>
      <line num="35" type="stmt" count="3"/>
      <line num="36" type="stmt" count="3"/>
      <line num="38" type="stmt" count="3"/>
      <line num="39" type="stmt" count="3"/>
      <line num="41" type="stmt" count="3"/>
      <line num="42" type="stmt" count="0"/>
      <line num="44" type="stmt" count="3"/>
      <line num="46" type="stmt" count="3"/>
      <metrics loc="49" ncloc="48" classes="1" methods="2" coveredmethods="1" conditionals="0" coveredconditionals="0" statements="22" coveredstatements="21" elements="24" coveredelements="22"/>
    </file>
    <file name="/home/runner/work/faker/faker/src/Fakers/PolymorphicEntityFaker.php">
      <class name="Apie\Faker\Fakers\PolymorphicEntityFaker" namespace="global">
        <metrics complexity="4" methods="2" coveredmethods="2" conditionals="0" coveredconditionals="0" statements="7" coveredstatements="7" elements="9" coveredelements="9"/>
      </class>
      <line num="15" type="method" name="supports" visibility="public" complexity="3" crap="3" count="10"/>
      <line num="17" type="stmt" count="10"/>
      <line num="18" type="stmt" count="10"/>
      <line num="20" type="stmt" count="1"/>
      <line num="21" type="stmt" count="1"/>
      <line num="24" type="method" name="fakeFor" visibility="public" complexity="1" crap="1" count="1"/>
      <line num="27" type="stmt" count="1"/>
      <line num="28" type="stmt" count="1"/>
      <line num="29" type="stmt" count="1"/>
      <metrics loc="32" ncloc="28" classes="1" methods="2" coveredmethods="2" conditionals="0" coveredconditionals="0" statements="7" coveredstatements="7" elements="9" coveredelements="9"/>
    </file>
    <file name="/home/runner/work/faker/faker/src/Fakers/StringValueObjectWithRegexFaker.php">
      <class name="Apie\Faker\Fakers\StringValueObjectWithRegexFaker" namespace="global">
        <metrics complexity="2" methods="2" coveredmethods="2" conditionals="0" coveredconditionals="0" statements="5" coveredstatements="5" elements="7" coveredelements="7"/>
      </class>
      <line num="14" type="method" name="supports" visibility="public" complexity="1" crap="1" count="4"/>
      <line num="16" type="stmt" count="4"/>
      <line num="19" type="method" name="fakeFor" visibility="public" complexity="1" crap="1" count="2"/>
      <line num="21" type="stmt" count="2"/>
      <line num="22" type="stmt" count="2"/>
      <line num="23" type="stmt" count="2"/>
      <line num="24" type="stmt" count="2"/>
      <metrics loc="27" ncloc="26" classes="1" methods="2" coveredmethods="2" conditionals="0" coveredconditionals="0" statements="5" coveredstatements="5" elements="7" coveredelements="7"/>
    </file>
    <file name="/home/runner/work/faker/faker/src/Fakers/UseConstructorFaker.php">
      <class name="Apie\Faker\Fakers\UseConstructorFaker" namespace="global">
        <metrics complexity="9" methods="2" coveredmethods="1" conditionals="0" coveredconditionals="0" statements="11" coveredstatements="10" elements="13" coveredelements="11"/>
      </class>
      <line num="12" type="method" name="supports" visibility="public" complexity="2" crap="2" count="3"/>
      <line num="14" type="stmt" count="3"/>
      <line num="17" type="method" name="fakeFor" visibility="public" complexity="7" crap="7.05" count="3"/>
      <line num="19" type="stmt" count="3"/>
      <line num="20" type="stmt" count="3"/>
      <line num="21" type="stmt" count="3"/>
      <line num="22" type="stmt" count="3"/>
      <line num="23" type="stmt" count="3"/>
      <line num="24" type="stmt" count="2"/>
      <line num="25" type="stmt" count="2"/>
      <line num="27" type="stmt" count="2"/>
      <line num="28" type="stmt" count="0"/>
      <line num="32" type="stmt" count="3"/>
      <metrics loc="35" ncloc="33" classes="1" methods="2" coveredmethods="1" conditionals="0" coveredconditionals="0" statements="11" coveredstatements="10" elements="13" coveredelements="11"/>
    </file>
    <file name="/home/runner/work/faker/faker/src/Fakers/UseFakeMethodFaker.php">
      <class name="Apie\Faker\Fakers\UseFakeMethodFaker" namespace="global">
        <metrics complexity="9" methods="2" coveredmethods="1" conditionals="0" coveredconditionals="0" statements="19" coveredstatements="13" elements="21" coveredelements="14"/>
      </class>
      <line num="15" type="method" name="supports" visibility="public" complexity="1" crap="1" count="10"/>
      <line num="17" type="stmt" count="10"/>
      <line num="19" type="method" name="fakeFor" visibility="public" complexity="8" crap="10.37" count="2"/>
      <line num="22" type="stmt" count="2"/>
      <line num="23" type="stmt" count="2"/>
      <line num="24" type="stmt" count="2"/>
      <line num="25" type="stmt" count="0"/>
      <line num="27" type="stmt" count="2"/>
      <line num="28" type="stmt" count="2"/>
      <line num="29" type="stmt" count="2"/>
      <line num="30" type="stmt" count="2"/>
      <line num="31" type="stmt" count="0"/>
      <line num="32" type="stmt" count="0"/>
      <line num="33" type="stmt" count="0"/>
      <line num="35" type="stmt" count="2"/>
      <line num="36" type="stmt" count="0"/>
      <line num="38" type="stmt" count="2"/>
      <line num="41" type="stmt" count="2"/>
      <line num="42" type="stmt" count="2"/>
      <line num="43" type="stmt" count="0"/>
      <line num="45" type="stmt" count="2"/>
      <metrics loc="48" ncloc="46" classes="1" methods="2" coveredmethods="1" conditionals="0" coveredconditionals="0" statements="19" coveredstatements="13" elements="21" coveredelements="14"/>
    </file>
    <file name="/home/runner/work/faker/faker/src/Interfaces/ApieClassFaker.php">
      <metrics loc="22" ncloc="12" classes="0" methods="0" coveredmethods="0" conditionals="0" coveredconditionals="0" statements="0" coveredstatements="0" elements="0" coveredelements="0"/>
    </file>
    <metrics files="10" loc="398" ncloc="353" classes="9" methods="20" coveredmethods="13" conditionals="0" coveredconditionals="0" statements="111" coveredstatements="93" elements="131" coveredelements="106"/>
  </project>
</coverage>
